[2016-11-07 16:39:32,834][DEBUG][httpclient.wire.header] << "Content-Length: 279[\r][\n]"
[2016-11-07 16:39:32,834][DEBUG][org.apache.commons.httpclient.HttpParser] enter HttpParser.readLine(InputStream, String)
[2016-11-07 16:39:32,834][DEBUG][org.apache.commons.httpclient.HttpParser] enter HttpParser.readRawLine()
[2016-11-07 16:39:32,834][DEBUG][httpclient.wire.header] << "Set-Cookie: isBidi=false[\r][\n]"
[2016-11-07 16:39:32,834][DEBUG][org.apache.commons.httpclient.HttpParser] enter HttpParser.readLine(InputStream, String)
[2016-11-07 16:39:32,834][DEBUG][org.apache.commons.httpclient.HttpParser] enter HttpParser.readRawLine()
[2016-11-07 16:39:32,834][DEBUG][httpclient.wire.header] << "Date: Mon, 07 Nov 2016 19:39:33 GMT[\r][\n]"
[2016-11-07 16:39:32,835][DEBUG][org.apache.commons.httpclient.HttpParser] enter HttpParser.readLine(InputStream, String)
[2016-11-07 16:39:32,835][DEBUG][org.apache.commons.httpclient.HttpParser] enter HttpParser.readRawLine()
[2016-11-07 16:39:32,835][DEBUG][httpclient.wire.header] << "Expires: Thu, 01 Dec 1994 16:00:00 GMT[\r][\n]"
[2016-11-07 16:39:32,835][DEBUG][org.apache.commons.httpclient.HttpParser] enter HttpParser.readLine(InputStream, String)
[2016-11-07 16:39:32,835][DEBUG][org.apache.commons.httpclient.HttpParser] enter HttpParser.readRawLine()
[2016-11-07 16:39:32,835][DEBUG][httpclient.wire.header] << "Cache-Control: no-cache="set-cookie, set-cookie2"[\r][\n]"
[2016-11-07 16:39:32,835][DEBUG][org.apache.commons.httpclient.HttpParser] enter HttpParser.readLine(InputStream, String)
[2016-11-07 16:39:32,835][DEBUG][org.apache.commons.httpclient.HttpParser] enter HttpParser.readRawLine()
[2016-11-07 16:39:32,835][DEBUG][httpclient.wire.header] << "[\r][\n]"
[2016-11-07 16:39:32,835][DEBUG][org.apache.commons.httpclient.HttpMethodBase] enter HttpMethodBase.processResponseHeaders(HttpState, HttpConnection)
[2016-11-07 16:39:32,835][DEBUG][org.apache.commons.httpclient.HttpMethodBase] enter HttpMethodBase.processCookieHeaders(Header[], HttpState, HttpConnection)
[2016-11-07 16:39:32,835][DEBUG][org.apache.commons.httpclient.cookie.CookieSpec] enter CookieSpecBase.parse(String, port, path, boolean, String)
[2016-11-07 16:39:32,835][DEBUG][org.apache.commons.httpclient.cookie.CookieSpec] enter CookieSpecBase.parse(String, port, path, boolean, Header)
[2016-11-07 16:39:32,835][DEBUG][org.apache.commons.httpclient.HeaderElement] enter HeaderElement.parseElements(char[])
[2016-11-07 16:39:32,835][DEBUG][org.apache.commons.httpclient.Cookie] enter Cookie(String, String, String, String, Date, boolean)
[2016-11-07 16:39:32,835][DEBUG][org.apache.commons.httpclient.cookie.CookieSpec] enter RFC2109Spec.validate(String, int, String, boolean, Cookie)
[2016-11-07 16:39:32,835][DEBUG][org.apache.commons.httpclient.cookie.CookieSpec] enter CookieSpecBase.validate(String, port, path, boolean, Cookie)
[2016-11-07 16:39:32,835][DEBUG][org.apache.commons.httpclient.HttpState] enter HttpState.addCookie(Cookie)
[2016-11-07 16:39:32,835][DEBUG][org.apache.commons.httpclient.cookie.CookieSpec] enter RFC2109Spec.formatCookie(Cookie)
[2016-11-07 16:39:32,835][DEBUG][org.apache.commons.httpclient.HttpMethodBase] Cookie accepted: "$Version=0; isBidi=false"
[2016-11-07 16:39:32,835][DEBUG][org.apache.commons.httpclient.HttpMethodBase] enter HttpMethodBase.readResponseBody(HttpState, HttpConnection)
[2016-11-07 16:39:32,835][DEBUG][org.apache.commons.httpclient.HttpMethodBase] enter HttpMethodBase.readResponseBody(HttpConnection)
[2016-11-07 16:39:32,835][DEBUG][org.apache.commons.httpclient.HttpConnection] enter HttpConnection.getResponseInputStream()
[2016-11-07 16:39:32,835][DEBUG][org.apache.commons.httpclient.HttpMethodBase] enter HttpMethodBase.canResponseHaveBody(int)
[2016-11-07 16:39:32,835][DEBUG][org.apache.axis2.transport.http.HTTPSender] Handling response - 200
[2016-11-07 16:39:32,835][DEBUG][org.apache.commons.httpclient.HeaderElement] enter HeaderElement.parseElements(String)
[2016-11-07 16:39:32,835][DEBUG][org.apache.commons.httpclient.HeaderElement] enter HeaderElement.parseElements(char[])
[2016-11-07 16:39:32,835][DEBUG][org.apache.commons.httpclient.HeaderElement] enter HeaderElement.getParameterByName(String)
[2016-11-07 16:39:32,835][DEBUG][org.apache.commons.httpclient.HeaderElement] enter HeaderElement.parseElements(String)
[2016-11-07 16:39:32,835][DEBUG][org.apache.commons.httpclient.HeaderElement] enter HeaderElement.parseElements(char[])
[2016-11-07 16:39:32,836][DEBUG][org.apache.axis2.engine.Phase] [MessageContext: logID=90e998c52430af6b7a1d7689ef069bf6b342a9cd3f0f499f] Invoking flowComplete() in Phase "Security"
[2016-11-07 16:39:32,836][DEBUG][org.apache.axis2.engine.Phase] [MessageContext: logID=90e998c52430af6b7a1d7689ef069bf6b342a9cd3f0f499f] Invoking flowComplete() in Phase "MessageOut"
[2016-11-07 16:39:32,836][DEBUG][org.apache.axis2.engine.Phase] [MessageContext: logID=90e998c52430af6b7a1d7689ef069bf6b342a9cd3f0f499f] Invoking flowComplete() in Phase "PolicyDetermination"
[2016-11-07 16:39:32,836][DEBUG][org.apache.axis2.engine.Phase] [MessageContext: logID=90e998c52430af6b7a1d7689ef069bf6b342a9cd3f0f499f] Invoking flowComplete() in Phase "OperationOutPhase"
[2016-11-07 16:39:32,836][DEBUG][org.apache.axis2.engine.Phase] [MessageContext: logID=90e998c52430af6b7a1d7689ef069bf6b342a9cd3f0f499f] Invoking flowComplete() in Phase "OpPhase"
[2016-11-07 16:39:32,836][DEBUG][org.apache.axis2.engine.Phase] [MessageContext: logID=90e998c52430af6b7a1d7689ef069bf6b342a9cd3f0f499f] Invoking flowComplete() in Phase "RMPhase"
[2016-11-07 16:39:32,836][DEBUG][org.apache.axis2.client.Options] getAction (null) from org.apache.axis2.client.Options@667fc32
[2016-11-07 16:39:32,836][DEBUG][org.apache.axis2.context.MessageContext] Old SoapAction is (null)
[2016-11-07 16:39:32,836][DEBUG][org.apache.axis2.context.MessageContext] New SoapAction is (null)
[2016-11-07 16:39:32,836][DEBUG][org.apache.axis2.client.Options] setAction Old action is (null)
[2016-11-07 16:39:32,836][DEBUG][org.apache.axis2.client.Options] setAction New action is (null)
[2016-11-07 16:39:32,836][DEBUG][org.apache.axis2.transport.TransportUtils] createSOAPEnvelope using Builder (class org.apache.axis2.builder.SOAPBuilder) selected from type (text/xml)
[2016-11-07 16:39:32,836][DEBUG][httpclient.wire.content] << "<?xm"
[2016-11-07 16:39:32,836][DEBUG][org.apache.axis2.builder.BuilderUtil] char set encoding set from default =UTF-8
[2016-11-07 16:39:32,836][DEBUG][httpclient.wire.content] << "l version="1.0" encoding="UTF-8"?><soapenv:Envelope xmlns:soapenv="http://schemas.xmlsoap.org/soap/envelope/"><soapenv:Body><RegistrarFacturaResponse xmlns="http://RF/WSRegFact.tws"><resultado>2072.9467</resultado></RegistrarFacturaResponse></soapenv:Body></soapenv:Envelope>"
[2016-11-07 16:39:32,836][DEBUG][org.apache.axiom.om.util.StAXUtils] XMLStreamReader is org.apache.axiom.util.stax.dialect.Woodstox4StreamReaderWrapper
[2016-11-07 16:39:32,836][DEBUG][org.apache.axiom.om.impl.builder.StAXOMBuilder] START_ELEMENT: 
[2016-11-07 16:39:32,836][DEBUG][org.apache.axiom.om.impl.builder.StAXOMBuilder]   QName: {http://schemas.xmlsoap.org/soap/envelope/}Envelope
[2016-11-07 16:39:32,836][DEBUG][org.apache.axiom.soap.impl.builder.StAXSOAPModelBuilder] Starting to process SOAP 1.1 message
[2016-11-07 16:39:32,837][DEBUG][org.apache.axis2.engine.AxisEngine] [MessageContext: logID=80e998c52430af6b7a1d7689ef069bf6b342a9cd3f0f499f] receive:urn:uuid:275afd40-b4f9-4662-9170-9e07fb019336
[2016-11-07 16:39:32,837][DEBUG][org.apache.axiom.om.impl.builder.StAXOMBuilder] START_ELEMENT: 
[2016-11-07 16:39:32,837][DEBUG][org.apache.axiom.om.impl.builder.StAXOMBuilder]   QName: {http://schemas.xmlsoap.org/soap/envelope/}Body
[2016-11-07 16:39:32,837][DEBUG][org.apache.axis2.engine.Phase] [MessageContext: logID=80e998c52430af6b7a1d7689ef069bf6b342a9cd3f0f499f] Checking pre-condition for Phase "Transport"
[2016-11-07 16:39:32,837][DEBUG][org.apache.axis2.engine.Phase] [MessageContext: logID=80e998c52430af6b7a1d7689ef069bf6b342a9cd3f0f499f] Invoking phase "Transport"
[2016-11-07 16:39:32,837][DEBUG][org.apache.axis2.engine.Phase] [MessageContext: logID=80e998c52430af6b7a1d7689ef069bf6b342a9cd3f0f499f] Invoking Handler 'RequestURIBasedDispatcher' in Phase 'Transport'
[2016-11-07 16:39:32,837][DEBUG][org.apache.axis2.engine.Phase] [MessageContext: logID=80e998c52430af6b7a1d7689ef069bf6b342a9cd3f0f499f] Invoking Handler 'SOAPActionBasedDispatcher' in Phase 'Transport'
[2016-11-07 16:39:32,837][DEBUG][org.apache.axis2.engine.Phase] [MessageContext: logID=80e998c52430af6b7a1d7689ef069bf6b342a9cd3f0f499f] Checking post-conditions for phase "Transport"
[2016-11-07 16:39:32,837][DEBUG][org.apache.axis2.engine.Phase] [MessageContext: logID=80e998c52430af6b7a1d7689ef069bf6b342a9cd3f0f499f] Checking pre-condition for Phase "Addressing"
[2016-11-07 16:39:32,837][DEBUG][org.apache.axis2.engine.Phase] [MessageContext: logID=80e998c52430af6b7a1d7689ef069bf6b342a9cd3f0f499f] Invoking phase "Addressing"
[2016-11-07 16:39:32,837][DEBUG][org.apache.axis2.engine.Phase] [MessageContext: logID=80e998c52430af6b7a1d7689ef069bf6b342a9cd3f0f499f] Invoking Handler 'AddressingBasedDispatcher' in Phase 'Addressing'
[2016-11-07 16:39:32,837][DEBUG][org.apache.axis2.dispatchers.AddressingBasedDispatcher] invoke: IS_ADDR_INFO_ALREADY_PROCESSED=null
[2016-11-07 16:39:32,837][DEBUG][org.apache.axis2.engine.Phase] [MessageContext: logID=80e998c52430af6b7a1d7689ef069bf6b342a9cd3f0f499f] Checking post-conditions for phase "Addressing"
[2016-11-07 16:39:32,837][DEBUG][org.apache.axis2.engine.Phase] [MessageContext: logID=80e998c52430af6b7a1d7689ef069bf6b342a9cd3f0f499f] Checking pre-condition for Phase "Security"
[2016-11-07 16:39:32,837][DEBUG][org.apache.axis2.engine.Phase] [MessageContext: logID=80e998c52430af6b7a1d7689ef069bf6b342a9cd3f0f499f] Invoking phase "Security"
[2016-11-07 16:39:32,837][DEBUG][org.apache.axis2.engine.Phase] [MessageContext: logID=80e998c52430af6b7a1d7689ef069bf6b342a9cd3f0f499f] Checking post-conditions for phase "Security"
[2016-11-07 16:39:32,837][DEBUG][org.apache.axis2.engine.Phase] [MessageContext: logID=80e998c52430af6b7a1d7689ef069bf6b342a9cd3f0f499f] Checking pre-condition for Phase "PreDispatch"
[2016-11-07 16:39:32,837][DEBUG][org.apache.axis2.engine.Phase] [MessageContext: logID=80e998c52430af6b7a1d7689ef069bf6b342a9cd3f0f499f] Invoking phase "PreDispatch"
[2016-11-07 16:39:32,837][DEBUG][org.apache.axis2.engine.Phase] [MessageContext: logID=80e998c52430af6b7a1d7689ef069bf6b342a9cd3f0f499f] Checking post-conditions for phase "PreDispatch"
[2016-11-07 16:39:32,837][DEBUG][org.apache.axis2.engine.Phase] [MessageContext: logID=80e998c52430af6b7a1d7689ef069bf6b342a9cd3f0f499f] Checking pre-condition for Phase "Dispatch"
[2016-11-07 16:39:32,837][DEBUG][org.apache.axis2.engine.Phase] [MessageContext: logID=80e998c52430af6b7a1d7689ef069bf6b342a9cd3f0f499f] Invoking phase "Dispatch"
[2016-11-07 16:39:32,837][DEBUG][org.apache.axis2.engine.Phase] [MessageContext: logID=80e998c52430af6b7a1d7689ef069bf6b342a9cd3f0f499f] Invoking Handler 'RequestURIBasedDispatcher' in Phase 'Dispatch'
[2016-11-07 16:39:32,837][DEBUG][org.apache.axis2.engine.Phase] [MessageContext: logID=80e998c52430af6b7a1d7689ef069bf6b342a9cd3f0f499f] Invoking Handler 'SOAPActionBasedDispatcher' in Phase 'Dispatch'
[2016-11-07 16:39:32,837][DEBUG][org.apache.axis2.engine.Phase] [MessageContext: logID=80e998c52430af6b7a1d7689ef069bf6b342a9cd3f0f499f] Invoking Handler 'RequestURIOperationDispatcher' in Phase 'Dispatch'
[2016-11-07 16:39:32,837][DEBUG][org.apache.axis2.engine.Phase] [MessageContext: logID=80e998c52430af6b7a1d7689ef069bf6b342a9cd3f0f499f] Invoking Handler 'SOAPMessageBodyBasedDispatcher' in Phase 'Dispatch'
[2016-11-07 16:39:32,837][DEBUG][org.apache.axis2.engine.Phase] [MessageContext: logID=80e998c52430af6b7a1d7689ef069bf6b342a9cd3f0f499f] Invoking Handler 'HTTPLocationBasedDispatcher' in Phase 'Dispatch'
[2016-11-07 16:39:32,837][DEBUG][org.apache.axis2.engine.Phase] [MessageContext: logID=80e998c52430af6b7a1d7689ef069bf6b342a9cd3f0f499f] Checking post-conditions for phase "Dispatch"
[2016-11-07 16:39:32,837][DEBUG][org.apache.axis2.addressing.AddressingHelper] [MessageContext: logID=80e998c52430af6b7a1d7689ef069bf6b342a9cd3f0f499f] isReplyRedirected: ReplyTo is null. Returning false
[2016-11-07 16:39:32,837][DEBUG][org.apache.axis2.engine.Phase] [MessageContext: logID=80e998c52430af6b7a1d7689ef069bf6b342a9cd3f0f499f] Checking pre-condition for Phase "RMPhase"
[2016-11-07 16:39:32,837][DEBUG][org.apache.axis2.engine.Phase] [MessageContext: logID=80e998c52430af6b7a1d7689ef069bf6b342a9cd3f0f499f] Invoking phase "RMPhase"
[2016-11-07 16:39:32,837][DEBUG][org.apache.axis2.engine.Phase] [MessageContext: logID=80e998c52430af6b7a1d7689ef069bf6b342a9cd3f0f499f] Checking post-conditions for phase "RMPhase"
[2016-11-07 16:39:32,837][DEBUG][org.apache.axis2.engine.Phase] [MessageContext: logID=80e998c52430af6b7a1d7689ef069bf6b342a9cd3f0f499f] Checking pre-condition for Phase "OpPhase"
[2016-11-07 16:39:32,837][DEBUG][org.apache.axis2.engine.Phase] [MessageContext: logID=80e998c52430af6b7a1d7689ef069bf6b342a9cd3f0f499f] Invoking phase "OpPhase"
[2016-11-07 16:39:32,837][DEBUG][org.apache.axis2.engine.Phase] [MessageContext: logID=80e998c52430af6b7a1d7689ef069bf6b342a9cd3f0f499f] Checking post-conditions for phase "OpPhase"
[2016-11-07 16:39:32,837][DEBUG][org.apache.axis2.engine.Phase] [MessageContext: logID=80e998c52430af6b7a1d7689ef069bf6b342a9cd3f0f499f] Checking pre-condition for Phase "OperationInPhase"
[2016-11-07 16:39:32,837][DEBUG][org.apache.axis2.engine.Phase] [MessageContext: logID=80e998c52430af6b7a1d7689ef069bf6b342a9cd3f0f499f] Invoking phase "OperationInPhase"
[2016-11-07 16:39:32,837][DEBUG][org.apache.axis2.engine.Phase] [MessageContext: logID=80e998c52430af6b7a1d7689ef069bf6b342a9cd3f0f499f] Checking post-conditions for phase "OperationInPhase"
[2016-11-07 16:39:32,837][DEBUG][org.apache.axis2.engine.Phase] [MessageContext: logID=80e998c52430af6b7a1d7689ef069bf6b342a9cd3f0f499f] Invoking flowComplete() in Phase "OperationInPhase"
[2016-11-07 16:39:32,837][DEBUG][org.apache.axis2.engine.Phase] [MessageContext: logID=80e998c52430af6b7a1d7689ef069bf6b342a9cd3f0f499f] Invoking flowComplete() in Phase "OpPhase"
[2016-11-07 16:39:32,837][DEBUG][org.apache.axis2.engine.Phase] [MessageContext: logID=80e998c52430af6b7a1d7689ef069bf6b342a9cd3f0f499f] Invoking flowComplete() in Phase "RMPhase"
[2016-11-07 16:39:32,837][DEBUG][org.apache.axis2.engine.Phase] [MessageContext: logID=80e998c52430af6b7a1d7689ef069bf6b342a9cd3f0f499f] Invoking flowComplete() in Phase "Dispatch"
[2016-11-07 16:39:32,837][DEBUG][org.apache.axis2.engine.Phase] [MessageContext: logID=80e998c52430af6b7a1d7689ef069bf6b342a9cd3f0f499f] Invoking flowComplete() for Handler 'HTTPLocationBasedDispatcher' in Phase 'Dispatch'
[2016-11-07 16:39:32,837][DEBUG][org.apache.axis2.engine.Phase] [MessageContext: logID=80e998c52430af6b7a1d7689ef069bf6b342a9cd3f0f499f] Invoking flowComplete() for Handler 'SOAPMessageBodyBasedDispatcher' in Phase 'Dispatch'
[2016-11-07 16:39:32,837][DEBUG][org.apache.axis2.engine.Phase] [MessageContext: logID=80e998c52430af6b7a1d7689ef069bf6b342a9cd3f0f499f] Invoking flowComplete() for Handler 'RequestURIOperationDispatcher' in Phase 'Dispatch'
[2016-11-07 16:39:32,837][DEBUG][org.apache.axis2.engine.Phase] [MessageContext: logID=80e998c52430af6b7a1d7689ef069bf6b342a9cd3f0f499f] Invoking flowComplete() for Handler 'SOAPActionBasedDispatcher' in Phase 'Dispatch'
[2016-11-07 16:39:32,837][DEBUG][org.apache.axis2.engine.Phase] [MessageContext: logID=80e998c52430af6b7a1d7689ef069bf6b342a9cd3f0f499f] Invoking flowComplete() for Handler 'RequestURIBasedDispatcher' in Phase 'Dispatch'
[2016-11-07 16:39:32,837][DEBUG][org.apache.axis2.engine.Phase] [MessageContext: logID=80e998c52430af6b7a1d7689ef069bf6b342a9cd3f0f499f] Invoking flowComplete() in Phase "PreDispatch"
[2016-11-07 16:39:32,837][DEBUG][org.apache.axis2.engine.Phase] [MessageContext: logID=80e998c52430af6b7a1d7689ef069bf6b342a9cd3f0f499f] Invoking flowComplete() in Phase "Security"
[2016-11-07 16:39:32,837][DEBUG][org.apache.axis2.engine.Phase] [MessageContext: logID=80e998c52430af6b7a1d7689ef069bf6b342a9cd3f0f499f] Invoking flowComplete() in Phase "Addressing"
[2016-11-07 16:39:32,837][DEBUG][org.apache.axis2.engine.Phase] [MessageContext: logID=80e998c52430af6b7a1d7689ef069bf6b342a9cd3f0f499f] Invoking flowComplete() for Handler 'AddressingBasedDispatcher' in Phase 'Addressing'
[2016-11-07 16:39:32,837][DEBUG][org.apache.axis2.engine.Phase] [MessageContext: logID=80e998c52430af6b7a1d7689ef069bf6b342a9cd3f0f499f] Invoking flowComplete() in Phase "Transport"
[2016-11-07 16:39:32,837][DEBUG][org.apache.axis2.engine.Phase] [MessageContext: logID=80e998c52430af6b7a1d7689ef069bf6b342a9cd3f0f499f] Invoking flowComplete() for Handler 'SOAPActionBasedDispatcher' in Phase 'Transport'
[2016-11-07 16:39:32,837][DEBUG][org.apache.axis2.engine.Phase] [MessageContext: logID=80e998c52430af6b7a1d7689ef069bf6b342a9cd3f0f499f] Invoking flowComplete() for Handler 'RequestURIBasedDispatcher' in Phase 'Transport'
[2016-11-07 16:39:32,837][DEBUG][org.apache.axiom.om.impl.builder.StAXOMBuilder] START_ELEMENT: 
[2016-11-07 16:39:32,837][DEBUG][org.apache.axiom.om.impl.builder.StAXOMBuilder]   QName: {http://RF/WSRegFact.tws}RegistrarFacturaResponse
[2016-11-07 16:39:32,838][DEBUG][org.apache.axiom.om.impl.builder.StAXOMBuilder] START_ELEMENT: 
[2016-11-07 16:39:32,838][DEBUG][org.apache.axiom.om.impl.builder.StAXOMBuilder]   QName: {http://RF/WSRegFact.tws}resultado
[2016-11-07 16:39:32,838][DEBUG][org.apache.axiom.om.impl.builder.StAXOMBuilder] CHARACTERS: 
[2016-11-07 16:39:32,838][DEBUG][org.apache.axiom.om.impl.builder.StAXOMBuilder] END_ELEMENT: 
[2016-11-07 16:39:32,838][DEBUG][org.apache.axiom.om.impl.builder.StAXOMBuilder]   QName: {http://RF/WSRegFact.tws}resultado
[2016-11-07 16:39:32,838][DEBUG][org.apache.axiom.om.impl.builder.StAXOMBuilder] END_ELEMENT: 
[2016-11-07 16:39:32,838][DEBUG][org.apache.axiom.om.impl.builder.StAXOMBuilder]   QName: {http://RF/WSRegFact.tws}RegistrarFacturaResponse
[2016-12-16 15:43:33,188][DEBUG][org.jboss.logging] Logging Provider: org.jboss.logging.Log4jLoggerProvider
[2016-12-16 15:43:34,256][INFO][com.zaxxer.hikari.HikariDataSource] HikariPool-1 - Started.
[2016-12-16 15:43:35,937][INFO][com.zaxxer.hikari.pool.PoolBase] HikariPool-1 - Driver does not support get/set network timeout for connections. (com.microsoft.sqlserver.jdbc.SQLServerConnection.getNetworkTimeout()I)
[2016-12-16 15:43:36,178][INFO][ss.env] 
-=[ss started successfully using the development profile]=-
[2016-12-16 15:43:36,180][INFO][luminus.http-server] starting HTTP server on port 3001
[2016-12-16 15:43:36,495][INFO][org.xnio] XNIO version 3.4.0.Beta1
[2016-12-16 15:43:36,850][INFO][org.xnio.nio] XNIO NIO Implementation Version 3.4.0.Beta1
[2016-12-16 15:43:37,049][INFO][org.projectodd.wunderboss.web.Web] Registered web context /
[2016-12-16 15:43:37,053][INFO][luminus.repl-server] starting nREPL server on port 7001
[2016-12-16 15:43:37,090][INFO][ss.core] #'ss.config/env started
[2016-12-16 15:43:37,091][INFO][ss.core] #'ss.db.core/*db* started
[2016-12-16 15:43:37,091][INFO][ss.core] #'ss.handler/init-app started
[2016-12-16 15:43:37,091][INFO][ss.core] #'ss.core/http-server started
[2016-12-16 15:43:37,091][INFO][ss.core] #'ss.core/repl-server started
[2017-05-16 10:36:40,155][DEBUG][org.jboss.logging] Logging Provider: org.jboss.logging.Log4jLoggerProvider
[2017-05-16 10:36:40,988][INFO][com.zaxxer.hikari.HikariDataSource] HikariPool-1 - Started.
[2017-05-16 10:37:11,196][INFO][com.zaxxer.hikari.pool.HikariPool] HikariPool-1 - Close initiated...
[2017-05-16 10:37:11,200][INFO][com.zaxxer.hikari.pool.HikariPool] HikariPool-1 - Closed.
